2025-05-25 18:08:36,347 - __main__ - INFO - Starting BCI application
2025-05-25 18:08:43,789 - src.data.data_loader - INFO - Initialized BCIDataLoader for subjects: [1, 2, 3, 4, 5, 6, 7, 8, 9, 10], runs: [4, 8, 12]
2025-05-25 18:08:43,789 - src.data.data_loader - INFO - Loading data from: eeg_data\MNE-eegbci-data\files\eegmmidb\1.0.0\S001\S001R04_csv_openbci.csv
2025-05-25 18:08:43,829 - src.data.data_loader - INFO - Loaded 20000 samples, 30 events
2025-05-25 18:08:43,830 - src.data.data_loader - INFO - Applying preprocessing...
2025-05-25 18:08:43,846 - src.data.data_loader - INFO - Preprocessing completed
2025-05-25 18:08:43,847 - src.data.data_loader - INFO - Creating time windows...
2025-05-25 18:08:43,847 - src.data.data_loader - INFO - Created 15 windows of shape (16, 500) with labels: [8 7]
2025-05-25 18:08:43,847 - src.data.data_loader - INFO - Loading data from: eeg_data\MNE-eegbci-data\files\eegmmidb\1.0.0\S001\S001R08_csv_openbci.csv
2025-05-25 18:08:43,877 - src.data.data_loader - INFO - Loaded 20000 samples, 30 events
2025-05-25 18:08:43,878 - src.data.data_loader - INFO - Applying preprocessing...
2025-05-25 18:08:43,893 - src.data.data_loader - INFO - Preprocessing completed
2025-05-25 18:08:43,893 - src.data.data_loader - INFO - Creating time windows...
2025-05-25 18:08:43,894 - src.data.data_loader - INFO - Created 15 windows of shape (16, 500) with labels: [8 7]
2025-05-25 18:08:43,894 - src.data.data_loader - INFO - Loading data from: eeg_data\MNE-eegbci-data\files\eegmmidb\1.0.0\S001\S001R12_csv_openbci.csv
2025-05-25 18:08:43,923 - src.data.data_loader - INFO - Loaded 20000 samples, 30 events
2025-05-25 18:08:43,924 - src.data.data_loader - INFO - Applying preprocessing...
2025-05-25 18:08:43,938 - src.data.data_loader - INFO - Preprocessing completed
2025-05-25 18:08:43,938 - src.data.data_loader - INFO - Creating time windows...
2025-05-25 18:08:43,938 - src.data.data_loader - INFO - Created 15 windows of shape (16, 500) with labels: [7 8]
2025-05-25 18:08:43,939 - src.data.data_loader - INFO - Subject 1: 45 total windows
2025-05-25 18:08:43,939 - src.data.data_loader - INFO - Loading data from: eeg_data\MNE-eegbci-data\files\eegmmidb\1.0.0\S002\S002R04_csv_openbci.csv
2025-05-25 18:08:43,969 - src.data.data_loader - INFO - Loaded 19680 samples, 30 events
2025-05-25 18:08:43,970 - src.data.data_loader - INFO - Applying preprocessing...
2025-05-25 18:08:43,985 - src.data.data_loader - INFO - Preprocessing completed
2025-05-25 18:08:43,986 - src.data.data_loader - INFO - Creating time windows...
2025-05-25 18:08:43,986 - src.data.data_loader - INFO - Created 15 windows of shape (16, 500) with labels: [7 8]
2025-05-25 18:08:43,987 - src.data.data_loader - INFO - Loading data from: eeg_data\MNE-eegbci-data\files\eegmmidb\1.0.0\S002\S002R08_csv_openbci.csv
2025-05-25 18:08:44,017 - src.data.data_loader - INFO - Loaded 19680 samples, 30 events
2025-05-25 18:08:44,017 - src.data.data_loader - INFO - Applying preprocessing...
2025-05-25 18:08:44,033 - src.data.data_loader - INFO - Preprocessing completed
2025-05-25 18:08:44,033 - src.data.data_loader - INFO - Creating time windows...
2025-05-25 18:08:44,034 - src.data.data_loader - INFO - Created 15 windows of shape (16, 500) with labels: [8 7]
2025-05-25 18:08:44,034 - src.data.data_loader - INFO - Loading data from: eeg_data\MNE-eegbci-data\files\eegmmidb\1.0.0\S002\S002R12_csv_openbci.csv
2025-05-25 18:08:44,066 - src.data.data_loader - INFO - Loaded 19680 samples, 30 events
2025-05-25 18:08:44,067 - src.data.data_loader - INFO - Applying preprocessing...
2025-05-25 18:08:44,085 - src.data.data_loader - INFO - Preprocessing completed
2025-05-25 18:08:44,085 - src.data.data_loader - INFO - Creating time windows...
2025-05-25 18:08:44,085 - src.data.data_loader - INFO - Created 15 windows of shape (16, 500) with labels: [8 7]
2025-05-25 18:08:44,086 - src.data.data_loader - INFO - Subject 2: 45 total windows
2025-05-25 18:08:44,086 - src.data.data_loader - INFO - Loading data from: eeg_data\MNE-eegbci-data\files\eegmmidb\1.0.0\S003\S003R04_csv_openbci.csv
2025-05-25 18:08:44,116 - src.data.data_loader - INFO - Loaded 20000 samples, 30 events
2025-05-25 18:08:44,116 - src.data.data_loader - INFO - Applying preprocessing...
2025-05-25 18:08:44,131 - src.data.data_loader - INFO - Preprocessing completed
2025-05-25 18:08:44,132 - src.data.data_loader - INFO - Creating time windows...
2025-05-25 18:08:44,132 - src.data.data_loader - INFO - Created 15 windows of shape (16, 500) with labels: [8 7]
2025-05-25 18:08:44,133 - src.data.data_loader - INFO - Loading data from: eeg_data\MNE-eegbci-data\files\eegmmidb\1.0.0\S003\S003R08_csv_openbci.csv
2025-05-25 18:08:44,166 - src.data.data_loader - INFO - Loaded 20000 samples, 30 events
2025-05-25 18:08:44,166 - src.data.data_loader - INFO - Applying preprocessing...
2025-05-25 18:08:44,181 - src.data.data_loader - INFO - Preprocessing completed
2025-05-25 18:08:44,182 - src.data.data_loader - INFO - Creating time windows...
2025-05-25 18:08:44,182 - src.data.data_loader - INFO - Created 15 windows of shape (16, 500) with labels: [7 8]
2025-05-25 18:08:44,183 - src.data.data_loader - INFO - Loading data from: eeg_data\MNE-eegbci-data\files\eegmmidb\1.0.0\S003\S003R12_csv_openbci.csv
2025-05-25 18:08:44,212 - src.data.data_loader - INFO - Loaded 20000 samples, 30 events
2025-05-25 18:08:44,212 - src.data.data_loader - INFO - Applying preprocessing...
2025-05-25 18:08:44,228 - src.data.data_loader - INFO - Preprocessing completed
2025-05-25 18:08:44,228 - src.data.data_loader - INFO - Creating time windows...
2025-05-25 18:08:44,229 - src.data.data_loader - INFO - Created 15 windows of shape (16, 500) with labels: [8 7]
2025-05-25 18:08:44,229 - src.data.data_loader - INFO - Subject 3: 45 total windows
2025-05-25 18:08:44,229 - src.data.data_loader - INFO - Loading data from: eeg_data\MNE-eegbci-data\files\eegmmidb\1.0.0\S004\S004R04_csv_openbci.csv
2025-05-25 18:08:44,262 - src.data.data_loader - INFO - Loaded 19680 samples, 30 events
2025-05-25 18:08:44,263 - src.data.data_loader - INFO - Applying preprocessing...
2025-05-25 18:08:44,279 - src.data.data_loader - INFO - Preprocessing completed
2025-05-25 18:08:44,280 - src.data.data_loader - INFO - Creating time windows...
2025-05-25 18:08:44,280 - src.data.data_loader - INFO - Created 15 windows of shape (16, 500) with labels: [8 7]
2025-05-25 18:08:44,280 - src.data.data_loader - INFO - Loading data from: eeg_data\MNE-eegbci-data\files\eegmmidb\1.0.0\S004\S004R08_csv_openbci.csv
2025-05-25 18:08:44,311 - src.data.data_loader - INFO - Loaded 19680 samples, 30 events
2025-05-25 18:08:44,311 - src.data.data_loader - INFO - Applying preprocessing...
2025-05-25 18:08:44,326 - src.data.data_loader - INFO - Preprocessing completed
2025-05-25 18:08:44,326 - src.data.data_loader - INFO - Creating time windows...
2025-05-25 18:08:44,326 - src.data.data_loader - INFO - Created 15 windows of shape (16, 500) with labels: [7 8]
2025-05-25 18:08:44,326 - src.data.data_loader - INFO - Loading data from: eeg_data\MNE-eegbci-data\files\eegmmidb\1.0.0\S004\S004R12_csv_openbci.csv
2025-05-25 18:08:44,357 - src.data.data_loader - INFO - Loaded 19680 samples, 30 events
2025-05-25 18:08:44,358 - src.data.data_loader - INFO - Applying preprocessing...
2025-05-25 18:08:44,372 - src.data.data_loader - INFO - Preprocessing completed
2025-05-25 18:08:44,372 - src.data.data_loader - INFO - Creating time windows...
2025-05-25 18:08:44,372 - src.data.data_loader - INFO - Created 15 windows of shape (16, 500) with labels: [8 7]
2025-05-25 18:08:44,373 - src.data.data_loader - INFO - Subject 4: 45 total windows
2025-05-25 18:08:44,373 - src.data.data_loader - INFO - Loading data from: eeg_data\MNE-eegbci-data\files\eegmmidb\1.0.0\S005\S005R04_csv_openbci.csv
2025-05-25 18:08:44,404 - src.data.data_loader - INFO - Loaded 19680 samples, 30 events
2025-05-25 18:08:44,404 - src.data.data_loader - INFO - Applying preprocessing...
2025-05-25 18:08:44,419 - src.data.data_loader - INFO - Preprocessing completed
2025-05-25 18:08:44,420 - src.data.data_loader - INFO - Creating time windows...
2025-05-25 18:08:44,420 - src.data.data_loader - INFO - Created 15 windows of shape (16, 500) with labels: [7 8]
2025-05-25 18:08:44,420 - src.data.data_loader - INFO - Loading data from: eeg_data\MNE-eegbci-data\files\eegmmidb\1.0.0\S005\S005R08_csv_openbci.csv
2025-05-25 18:08:44,451 - src.data.data_loader - INFO - Loaded 19680 samples, 30 events
2025-05-25 18:08:44,451 - src.data.data_loader - INFO - Applying preprocessing...
2025-05-25 18:08:44,465 - src.data.data_loader - INFO - Preprocessing completed
2025-05-25 18:08:44,465 - src.data.data_loader - INFO - Creating time windows...
2025-05-25 18:08:44,465 - src.data.data_loader - INFO - Created 15 windows of shape (16, 500) with labels: [7 8]
2025-05-25 18:08:44,466 - src.data.data_loader - INFO - Loading data from: eeg_data\MNE-eegbci-data\files\eegmmidb\1.0.0\S005\S005R12_csv_openbci.csv
2025-05-25 18:08:44,495 - src.data.data_loader - INFO - Loaded 19680 samples, 30 events
2025-05-25 18:08:44,495 - src.data.data_loader - INFO - Applying preprocessing...
2025-05-25 18:08:44,510 - src.data.data_loader - INFO - Preprocessing completed
2025-05-25 18:08:44,511 - src.data.data_loader - INFO - Creating time windows...
2025-05-25 18:08:44,511 - src.data.data_loader - INFO - Created 15 windows of shape (16, 500) with labels: [7 8]
2025-05-25 18:08:44,512 - src.data.data_loader - INFO - Subject 5: 45 total windows
2025-05-25 18:08:44,512 - src.data.data_loader - INFO - Loading data from: eeg_data\MNE-eegbci-data\files\eegmmidb\1.0.0\S006\S006R04_csv_openbci.csv
2025-05-25 18:08:44,543 - src.data.data_loader - INFO - Loaded 19680 samples, 30 events
2025-05-25 18:08:44,543 - src.data.data_loader - INFO - Applying preprocessing...
2025-05-25 18:08:44,559 - src.data.data_loader - INFO - Preprocessing completed
2025-05-25 18:08:44,559 - src.data.data_loader - INFO - Creating time windows...
2025-05-25 18:08:44,560 - src.data.data_loader - INFO - Created 15 windows of shape (16, 500) with labels: [8 7]
2025-05-25 18:08:44,560 - src.data.data_loader - INFO - Loading data from: eeg_data\MNE-eegbci-data\files\eegmmidb\1.0.0\S006\S006R08_csv_openbci.csv
2025-05-25 18:08:44,591 - src.data.data_loader - INFO - Loaded 19680 samples, 30 events
2025-05-25 18:08:44,591 - src.data.data_loader - INFO - Applying preprocessing...
2025-05-25 18:08:44,606 - src.data.data_loader - INFO - Preprocessing completed
2025-05-25 18:08:44,607 - src.data.data_loader - INFO - Creating time windows...
2025-05-25 18:08:44,607 - src.data.data_loader - INFO - Created 15 windows of shape (16, 500) with labels: [8 7]
2025-05-25 18:08:44,607 - src.data.data_loader - INFO - Loading data from: eeg_data\MNE-eegbci-data\files\eegmmidb\1.0.0\S006\S006R12_csv_openbci.csv
2025-05-25 18:08:44,638 - src.data.data_loader - INFO - Loaded 19680 samples, 30 events
2025-05-25 18:08:44,639 - src.data.data_loader - INFO - Applying preprocessing...
2025-05-25 18:08:44,653 - src.data.data_loader - INFO - Preprocessing completed
2025-05-25 18:08:44,653 - src.data.data_loader - INFO - Creating time windows...
2025-05-25 18:08:44,653 - src.data.data_loader - INFO - Created 15 windows of shape (16, 500) with labels: [8 7]
2025-05-25 18:08:44,654 - src.data.data_loader - INFO - Subject 6: 45 total windows
2025-05-25 18:08:44,654 - src.data.data_loader - INFO - Loading data from: eeg_data\MNE-eegbci-data\files\eegmmidb\1.0.0\S007\S007R04_csv_openbci.csv
2025-05-25 18:08:44,686 - src.data.data_loader - INFO - Loaded 20000 samples, 30 events
2025-05-25 18:08:44,687 - src.data.data_loader - INFO - Applying preprocessing...
2025-05-25 18:08:44,703 - src.data.data_loader - INFO - Preprocessing completed
2025-05-25 18:08:44,703 - src.data.data_loader - INFO - Creating time windows...
2025-05-25 18:08:44,704 - src.data.data_loader - INFO - Created 15 windows of shape (16, 500) with labels: [8 7]
2025-05-25 18:08:44,704 - src.data.data_loader - INFO - Loading data from: eeg_data\MNE-eegbci-data\files\eegmmidb\1.0.0\S007\S007R08_csv_openbci.csv
2025-05-25 18:08:44,734 - src.data.data_loader - INFO - Loaded 20000 samples, 30 events
2025-05-25 18:08:44,734 - src.data.data_loader - INFO - Applying preprocessing...
2025-05-25 18:08:44,749 - src.data.data_loader - INFO - Preprocessing completed
2025-05-25 18:08:44,750 - src.data.data_loader - INFO - Creating time windows...
2025-05-25 18:08:44,750 - src.data.data_loader - INFO - Created 15 windows of shape (16, 500) with labels: [8 7]
2025-05-25 18:08:44,750 - src.data.data_loader - INFO - Loading data from: eeg_data\MNE-eegbci-data\files\eegmmidb\1.0.0\S007\S007R12_csv_openbci.csv
2025-05-25 18:08:44,781 - src.data.data_loader - INFO - Loaded 20000 samples, 30 events
2025-05-25 18:08:44,782 - src.data.data_loader - INFO - Applying preprocessing...
2025-05-25 18:08:44,795 - src.data.data_loader - INFO - Preprocessing completed
2025-05-25 18:08:44,796 - src.data.data_loader - INFO - Creating time windows...
2025-05-25 18:08:44,796 - src.data.data_loader - INFO - Created 15 windows of shape (16, 500) with labels: [7 8]
2025-05-25 18:08:44,796 - src.data.data_loader - INFO - Subject 7: 45 total windows
2025-05-25 18:08:44,796 - src.data.data_loader - INFO - Loading data from: eeg_data\MNE-eegbci-data\files\eegmmidb\1.0.0\S008\S008R04_csv_openbci.csv
2025-05-25 18:08:44,828 - src.data.data_loader - INFO - Loaded 19680 samples, 30 events
2025-05-25 18:08:44,828 - src.data.data_loader - INFO - Applying preprocessing...
2025-05-25 18:08:44,844 - src.data.data_loader - INFO - Preprocessing completed
2025-05-25 18:08:44,844 - src.data.data_loader - INFO - Creating time windows...
2025-05-25 18:08:44,844 - src.data.data_loader - INFO - Created 15 windows of shape (16, 500) with labels: [7 8]
2025-05-25 18:08:44,845 - src.data.data_loader - INFO - Loading data from: eeg_data\MNE-eegbci-data\files\eegmmidb\1.0.0\S008\S008R08_csv_openbci.csv
2025-05-25 18:08:44,874 - src.data.data_loader - INFO - Loaded 19680 samples, 30 events
2025-05-25 18:08:44,875 - src.data.data_loader - INFO - Applying preprocessing...
2025-05-25 18:08:44,890 - src.data.data_loader - INFO - Preprocessing completed
2025-05-25 18:08:44,890 - src.data.data_loader - INFO - Creating time windows...
2025-05-25 18:08:44,891 - src.data.data_loader - INFO - Created 15 windows of shape (16, 500) with labels: [7 8]
2025-05-25 18:08:44,891 - src.data.data_loader - INFO - Loading data from: eeg_data\MNE-eegbci-data\files\eegmmidb\1.0.0\S008\S008R12_csv_openbci.csv
2025-05-25 18:08:44,922 - src.data.data_loader - INFO - Loaded 19680 samples, 30 events
2025-05-25 18:08:44,922 - src.data.data_loader - INFO - Applying preprocessing...
2025-05-25 18:08:44,936 - src.data.data_loader - INFO - Preprocessing completed
2025-05-25 18:08:44,936 - src.data.data_loader - INFO - Creating time windows...
2025-05-25 18:08:44,936 - src.data.data_loader - INFO - Created 15 windows of shape (16, 500) with labels: [8 7]
2025-05-25 18:08:44,938 - src.data.data_loader - INFO - Subject 8: 45 total windows
2025-05-25 18:08:44,938 - src.data.data_loader - INFO - Loading data from: eeg_data\MNE-eegbci-data\files\eegmmidb\1.0.0\S009\S009R04_csv_openbci.csv
2025-05-25 18:08:44,966 - src.data.data_loader - INFO - Loaded 19680 samples, 30 events
2025-05-25 18:08:44,966 - src.data.data_loader - INFO - Applying preprocessing...
2025-05-25 18:08:44,983 - src.data.data_loader - INFO - Preprocessing completed
2025-05-25 18:08:44,983 - src.data.data_loader - INFO - Creating time windows...
2025-05-25 18:08:44,984 - src.data.data_loader - INFO - Created 15 windows of shape (16, 500) with labels: [8 7]
2025-05-25 18:08:44,984 - src.data.data_loader - INFO - Loading data from: eeg_data\MNE-eegbci-data\files\eegmmidb\1.0.0\S009\S009R08_csv_openbci.csv
2025-05-25 18:08:45,012 - src.data.data_loader - INFO - Loaded 19680 samples, 30 events
2025-05-25 18:08:45,013 - src.data.data_loader - INFO - Applying preprocessing...
2025-05-25 18:08:45,028 - src.data.data_loader - INFO - Preprocessing completed
2025-05-25 18:08:45,028 - src.data.data_loader - INFO - Creating time windows...
2025-05-25 18:08:45,028 - src.data.data_loader - INFO - Created 15 windows of shape (16, 500) with labels: [8 7]
2025-05-25 18:08:45,029 - src.data.data_loader - INFO - Loading data from: eeg_data\MNE-eegbci-data\files\eegmmidb\1.0.0\S009\S009R12_csv_openbci.csv
2025-05-25 18:08:45,057 - src.data.data_loader - INFO - Loaded 19680 samples, 30 events
2025-05-25 18:08:45,058 - src.data.data_loader - INFO - Applying preprocessing...
2025-05-25 18:08:45,071 - src.data.data_loader - INFO - Preprocessing completed
2025-05-25 18:08:45,072 - src.data.data_loader - INFO - Creating time windows...
2025-05-25 18:08:45,072 - src.data.data_loader - INFO - Created 15 windows of shape (16, 500) with labels: [8 7]
2025-05-25 18:08:45,072 - src.data.data_loader - INFO - Subject 9: 45 total windows
2025-05-25 18:08:45,073 - src.data.data_loader - INFO - Loading data from: eeg_data\MNE-eegbci-data\files\eegmmidb\1.0.0\S010\S010R04_csv_openbci.csv
2025-05-25 18:08:45,104 - src.data.data_loader - INFO - Loaded 19680 samples, 30 events
2025-05-25 18:08:45,105 - src.data.data_loader - INFO - Applying preprocessing...
2025-05-25 18:08:45,121 - src.data.data_loader - INFO - Preprocessing completed
2025-05-25 18:08:45,122 - src.data.data_loader - INFO - Creating time windows...
2025-05-25 18:08:45,122 - src.data.data_loader - INFO - Created 15 windows of shape (16, 500) with labels: [8 7]
2025-05-25 18:08:45,122 - src.data.data_loader - INFO - Loading data from: eeg_data\MNE-eegbci-data\files\eegmmidb\1.0.0\S010\S010R08_csv_openbci.csv
2025-05-25 18:08:45,154 - src.data.data_loader - INFO - Loaded 19680 samples, 30 events
2025-05-25 18:08:45,154 - src.data.data_loader - INFO - Applying preprocessing...
2025-05-25 18:08:45,169 - src.data.data_loader - INFO - Preprocessing completed
2025-05-25 18:08:45,169 - src.data.data_loader - INFO - Creating time windows...
2025-05-25 18:08:45,169 - src.data.data_loader - INFO - Created 15 windows of shape (16, 500) with labels: [8 7]
2025-05-25 18:08:45,170 - src.data.data_loader - INFO - Loading data from: eeg_data\MNE-eegbci-data\files\eegmmidb\1.0.0\S010\S010R12_csv_openbci.csv
2025-05-25 18:08:45,199 - src.data.data_loader - INFO - Loaded 19680 samples, 30 events
2025-05-25 18:08:45,200 - src.data.data_loader - INFO - Applying preprocessing...
2025-05-25 18:08:45,215 - src.data.data_loader - INFO - Preprocessing completed
2025-05-25 18:08:45,215 - src.data.data_loader - INFO - Creating time windows...
2025-05-25 18:08:45,216 - src.data.data_loader - INFO - Created 15 windows of shape (16, 500) with labels: [8 7]
2025-05-25 18:08:45,216 - src.data.data_loader - INFO - Subject 10: 45 total windows
